# JRE version: Java(TM) SE Runtime Environment (8.0_271-b09) (build 1.8.0_271-b09)
# Java VM: Java HotSpot(TM) 64-Bit Server VM (25.271-b09 mixed mode windows-amd64 compressed oops)
Heap:
 PSYoungGen      total 38400K, used 21347K [0x00000000d5e00000, 0x00000000da200000, 0x0000000100000000)
  eden space 33280K, 48% used [0x00000000d5e00000,0x00000000d6dd9b00,0x00000000d7e80000)
  from space 5120K, 99% used [0x00000000d7e80000,0x00000000d837f410,0x00000000d8380000)
  to   space 11264K, 0% used [0x00000000d9700000,0x00000000d9700000,0x00000000da200000)
 ParOldGen       total 67072K, used 10319K [0x0000000081a00000, 0x0000000085b80000, 0x00000000d5e00000)
  object space 67072K, 15% used [0x0000000081a00000,0x0000000082413e80,0x0000000085b80000)
 Metaspace       used 30291K, capacity 30638K, committed 30976K, reserved 1075200K
  class space    used 4464K, capacity 4579K, committed 4608K, reserved 1048576K
GC Heap History (10 events):
Event: 2.986 GC heap before
{Heap before GC invocations=2 (full 0):
 PSYoungGen      total 38400K, used 33920K [0x00000000d5e00000, 0x00000000d8880000, 0x0000000100000000)
  eden space 33280K, 100% used [0x00000000d5e00000,0x00000000d7e80000,0x00000000d7e80000)
  from space 5120K, 12% used [0x00000000d7e80000,0x00000000d7f20130,0x00000000d8380000)
  to   space 5120K, 0% used [0x00000000d8380000,0x00000000d8380000,0x00000000d8880000)
 ParOldGen       total 87552K, used 8K [0x0000000081a00000, 0x0000000086f80000, 0x00000000d5e00000)
  object space 87552K, 0% used [0x0000000081a00000,0x0000000081a02000,0x0000000086f80000)
 Metaspace       used 15009K, capacity 15192K, committed 15488K, reserved 1062912K
  class space    used 2060K, capacity 2136K, committed 2176K, reserved 1048576K
Event: 2.995 GC heap after
Heap after GC invocations=2 (full 0):
 PSYoungGen      total 38400K, used 5117K [0x00000000d5e00000, 0x00000000d8880000, 0x0000000100000000)
  eden space 33280K, 0% used [0x00000000d5e00000,0x00000000d5e00000,0x00000000d7e80000)
  from space 5120K, 99% used [0x00000000d8380000,0x00000000d887f478,0x00000000d8880000)
  to   space 5120K, 0% used [0x00000000d7e80000,0x00000000d7e80000,0x00000000d8380000)
 ParOldGen       total 87552K, used 2046K [0x0000000081a00000, 0x0000000086f80000, 0x00000000d5e00000)
  object space 87552K, 2% used [0x0000000081a00000,0x0000000081bffa88,0x0000000086f80000)
 Metaspace       used 15009K, capacity 15192K, committed 15488K, reserved 1062912K
  class space    used 2060K, capacity 2136K, committed 2176K, reserved 1048576K
}
Event: 3.823 GC heap before
{Heap before GC invocations=3 (full 0):
 PSYoungGen      total 38400K, used 38397K [0x00000000d5e00000, 0x00000000d8880000, 0x0000000100000000)
  eden space 33280K, 100% used [0x00000000d5e00000,0x00000000d7e80000,0x00000000d7e80000)
  from space 5120K, 99% used [0x00000000d8380000,0x00000000d887f478,0x00000000d8880000)
  to   space 5120K, 0% used [0x00000000d7e80000,0x00000000d7e80000,0x00000000d8380000)
 ParOldGen       total 87552K, used 2046K [0x0000000081a00000, 0x0000000086f80000, 0x00000000d5e00000)
  object space 87552K, 2% used [0x0000000081a00000,0x0000000081bffa88,0x0000000086f80000)
 Metaspace       used 16824K, capacity 17166K, committed 17408K, reserved 1064960K
  class space    used 2370K, capacity 2475K, committed 2560K, reserved 1048576K
Event: 3.831 GC heap after
Heap after GC invocations=3 (full 0):
 PSYoungGen      total 38400K, used 5092K [0x00000000d5e00000, 0x00000000d8880000, 0x0000000100000000)
  eden space 33280K, 0% used [0x00000000d5e00000,0x00000000d5e00000,0x00000000d7e80000)
  from space 5120K, 99% used [0x00000000d7e80000,0x00000000d8379018,0x00000000d8380000)
  to   space 5120K, 0% used [0x00000000d8380000,0x00000000d8380000,0x00000000d8880000)
 ParOldGen       total 87552K, used 3455K [0x0000000081a00000, 0x0000000086f80000, 0x00000000d5e00000)
  object space 87552K, 3% used [0x0000000081a00000,0x0000000081d5ff38,0x0000000086f80000)
 Metaspace       used 16824K, capacity 17166K, committed 17408K, reserved 1064960K
  class space    used 2370K, capacity 2475K, committed 2560K, reserved 1048576K
}
Event: 4.776 GC heap before
{Heap before GC invocations=4 (full 0):
 PSYoungGen      total 38400K, used 31936K [0x00000000d5e00000, 0x00000000d8880000, 0x0000000100000000)
  eden space 33280K, 80% used [0x00000000d5e00000,0x00000000d7837208,0x00000000d7e80000)
  from space 5120K, 99% used [0x00000000d7e80000,0x00000000d8379018,0x00000000d8380000)
  to   space 5120K, 0% used [0x00000000d8380000,0x00000000d8380000,0x00000000d8880000)
 ParOldGen       total 87552K, used 3455K [0x0000000081a00000, 0x0000000086f80000, 0x00000000d5e00000)
  object space 87552K, 3% used [0x0000000081a00000,0x0000000081d5ff38,0x0000000086f80000)
 Metaspace       used 20885K, capacity 21124K, committed 21296K, reserved 1067008K
  class space    used 3065K, capacity 3152K, committed 3200K, reserved 1048576K
Event: 4.784 GC heap after
Heap after GC invocations=4 (full 0):
 PSYoungGen      total 38400K, used 5108K [0x00000000d5e00000, 0x00000000d8880000, 0x0000000100000000)
  eden space 33280K, 0% used [0x00000000d5e00000,0x00000000d5e00000,0x00000000d7e80000)
  from space 5120K, 99% used [0x00000000d8380000,0x00000000d887d008,0x00000000d8880000)
  to   space 5120K, 0% used [0x00000000d7e80000,0x00000000d7e80000,0x00000000d8380000)
 ParOldGen       total 87552K, used 6766K [0x0000000081a00000, 0x0000000086f80000, 0x00000000d5e00000)
  object space 87552K, 7% used [0x0000000081a00000,0x000000008209b970,0x0000000086f80000)
 Metaspace       used 20885K, capacity 21124K, committed 21296K, reserved 1067008K
  class space    used 3065K, capacity 3152K, committed 3200K, reserved 1048576K
}
Event: 4.784 GC heap before
{Heap before GC invocations=5 (full 1):
 PSYoungGen      total 38400K, used 5108K [0x00000000d5e00000, 0x00000000d8880000, 0x0000000100000000)
  eden space 33280K, 0% used [0x00000000d5e00000,0x00000000d5e00000,0x00000000d7e80000)
  from space 5120K, 99% used [0x00000000d8380000,0x00000000d887d008,0x00000000d8880000)
  to   space 5120K, 0% used [0x00000000d7e80000,0x00000000d7e80000,0x00000000d8380000)
 ParOldGen       total 87552K, used 6766K [0x0000000081a00000, 0x0000000086f80000, 0x00000000d5e00000)
  object space 87552K, 7% used [0x0000000081a00000,0x000000008209b970,0x0000000086f80000)
 Metaspace       used 20885K, capacity 21124K, committed 21296K, reserved 1067008K
  class space    used 3065K, capacity 3152K, committed 3200K, reserved 1048576K
Event: 4.828 GC heap after
Heap after GC invocations=5 (full 1):
 PSYoungGen      total 38400K, used 0K [0x00000000d5e00000, 0x00000000d8880000, 0x0000000100000000)
  eden space 33280K, 0% used [0x00000000d5e00000,0x00000000d5e00000,0x00000000d7e80000)
  from space 5120K, 0% used [0x00000000d8380000,0x00000000d8380000,0x00000000d8880000)
  to   space 5120K, 0% used [0x00000000d7e80000,0x00000000d7e80000,0x00000000d8380000)
 ParOldGen       total 67072K, used 9055K [0x0000000081a00000, 0x0000000085b80000, 0x00000000d5e00000)
  object space 67072K, 13% used [0x0000000081a00000,0x00000000822d7f00,0x0000000085b80000)
 Metaspace       used 20885K, capacity 21124K, committed 21296K, reserved 1067008K
  class space    used 3065K, capacity 3152K, committed 3200K, reserved 1048576K
}
Event: 5.682 GC heap before
{Heap before GC invocations=6 (full 1):
 PSYoungGen      total 38400K, used 33280K [0x00000000d5e00000, 0x00000000d8880000, 0x0000000100000000)
  eden space 33280K, 100% used [0x00000000d5e00000,0x00000000d7e80000,0x00000000d7e80000)
  from space 5120K, 0% used [0x00000000d8380000,0x00000000d8380000,0x00000000d8880000)
  to   space 5120K, 0% used [0x00000000d7e80000,0x00000000d7e80000,0x00000000d8380000)
 ParOldGen       total 67072K, used 9055K [0x0000000081a00000, 0x0000000085b80000, 0x00000000d5e00000)
  object space 67072K, 13% used [0x0000000081a00000,0x00000000822d7f00,0x0000000085b80000)
 Metaspace       used 27118K, capacity 27452K, committed 27776K, reserved 1073152K
  class space    used 4077K, capacity 4182K, committed 4224K, reserved 1048576K
Event: 5.688 GC heap after
Heap after GC invocations=6 (full 1):
 PSYoungGen      total 38400K, used 5117K [0x00000000d5e00000, 0x00000000da200000, 0x0000000100000000)
  eden space 33280K, 0% used [0x00000000d5e00000,0x00000000d5e00000,0x00000000d7e80000)
  from space 5120K, 99% used [0x00000000d7e80000,0x00000000d837f410,0x00000000d8380000)
  to   space 11264K, 0% used [0x00000000d9700000,0x00000000d9700000,0x00000000da200000)
 ParOldGen       total 67072K, used 10319K [0x0000000081a00000, 0x0000000085b80000, 0x00000000d5e00000)
  object space 67072K, 15% used [0x0000000081a00000,0x0000000082413e80,0x0000000085b80000)
 Metaspace       used 27118K, capacity 27452K, committed 27776K, reserved 1073152K
  class space    used 4077K, capacity 4182K, committed 4224K, reserved 1048576K
}

