# JRE version: Java(TM) SE Runtime Environment (8.0_271-b09) (build 1.8.0_271-b09)
# Java VM: Java HotSpot(TM) 64-Bit Server VM (25.271-b09 mixed mode windows-amd64 compressed oops)
Heap:
 PSYoungGen      total 38400K, used 17132K [0x00000000d5e00000, 0x00000000da200000, 0x0000000100000000)
  eden space 33280K, 36% used [0x00000000d5e00000,0x00000000d69be8b0,0x00000000d7e80000)
  from space 5120K, 99% used [0x00000000d7e80000,0x00000000d837ca00,0x00000000d8380000)
  to   space 10752K, 0% used [0x00000000d9780000,0x00000000d9780000,0x00000000da200000)
 ParOldGen       total 65536K, used 10154K [0x0000000081a00000, 0x0000000085a00000, 0x00000000d5e00000)
  object space 65536K, 15% used [0x0000000081a00000,0x00000000823eab30,0x0000000085a00000)
 Metaspace       used 29242K, capacity 29616K, committed 29824K, reserved 1075200K
  class space    used 4345K, capacity 4450K, committed 4480K, reserved 1048576K
GC Heap History (10 events):
Event: 3.279 GC heap before
{Heap before GC invocations=2 (full 0):
 PSYoungGen      total 38400K, used 33888K [0x00000000d5e00000, 0x00000000d8880000, 0x0000000100000000)
  eden space 33280K, 100% used [0x00000000d5e00000,0x00000000d7e80000,0x00000000d7e80000)
  from space 5120K, 11% used [0x00000000d7e80000,0x00000000d7f18130,0x00000000d8380000)
  to   space 5120K, 0% used [0x00000000d8380000,0x00000000d8380000,0x00000000d8880000)
 ParOldGen       total 87552K, used 8K [0x0000000081a00000, 0x0000000086f80000, 0x00000000d5e00000)
  object space 87552K, 0% used [0x0000000081a00000,0x0000000081a02000,0x0000000086f80000)
 Metaspace       used 14979K, capacity 15188K, committed 15488K, reserved 1062912K
  class space    used 2060K, capacity 2136K, committed 2176K, reserved 1048576K
Event: 3.289 GC heap after
Heap after GC invocations=2 (full 0):
 PSYoungGen      total 38400K, used 5108K [0x00000000d5e00000, 0x00000000d8880000, 0x0000000100000000)
  eden space 33280K, 0% used [0x00000000d5e00000,0x00000000d5e00000,0x00000000d7e80000)
  from space 5120K, 99% used [0x00000000d8380000,0x00000000d887d288,0x00000000d8880000)
  to   space 5120K, 0% used [0x00000000d7e80000,0x00000000d7e80000,0x00000000d8380000)
 ParOldGen       total 87552K, used 2195K [0x0000000081a00000, 0x0000000086f80000, 0x00000000d5e00000)
  object space 87552K, 2% used [0x0000000081a00000,0x0000000081c24d68,0x0000000086f80000)
 Metaspace       used 14979K, capacity 15188K, committed 15488K, reserved 1062912K
  class space    used 2060K, capacity 2136K, committed 2176K, reserved 1048576K
}
Event: 4.151 GC heap before
{Heap before GC invocations=3 (full 0):
 PSYoungGen      total 38400K, used 38388K [0x00000000d5e00000, 0x00000000d8880000, 0x0000000100000000)
  eden space 33280K, 100% used [0x00000000d5e00000,0x00000000d7e80000,0x00000000d7e80000)
  from space 5120K, 99% used [0x00000000d8380000,0x00000000d887d288,0x00000000d8880000)
  to   space 5120K, 0% used [0x00000000d7e80000,0x00000000d7e80000,0x00000000d8380000)
 ParOldGen       total 87552K, used 2195K [0x0000000081a00000, 0x0000000086f80000, 0x00000000d5e00000)
  object space 87552K, 2% used [0x0000000081a00000,0x0000000081c24d68,0x0000000086f80000)
 Metaspace       used 16806K, capacity 17098K, committed 17408K, reserved 1064960K
  class space    used 2378K, capacity 2475K, committed 2560K, reserved 1048576K
Event: 4.159 GC heap after
Heap after GC invocations=3 (full 0):
 PSYoungGen      total 38400K, used 5091K [0x00000000d5e00000, 0x00000000d8880000, 0x0000000100000000)
  eden space 33280K, 0% used [0x00000000d5e00000,0x00000000d5e00000,0x00000000d7e80000)
  from space 5120K, 99% used [0x00000000d7e80000,0x00000000d8378fd8,0x00000000d8380000)
  to   space 5120K, 0% used [0x00000000d8380000,0x00000000d8380000,0x00000000d8880000)
 ParOldGen       total 87552K, used 3637K [0x0000000081a00000, 0x0000000086f80000, 0x00000000d5e00000)
  object space 87552K, 4% used [0x0000000081a00000,0x0000000081d8d648,0x0000000086f80000)
 Metaspace       used 16806K, capacity 17098K, committed 17408K, reserved 1064960K
  class space    used 2378K, capacity 2475K, committed 2560K, reserved 1048576K
}
Event: 5.117 GC heap before
{Heap before GC invocations=4 (full 0):
 PSYoungGen      total 38400K, used 31852K [0x00000000d5e00000, 0x00000000d8880000, 0x0000000100000000)
  eden space 33280K, 80% used [0x00000000d5e00000,0x00000000d78223f8,0x00000000d7e80000)
  from space 5120K, 99% used [0x00000000d7e80000,0x00000000d8378fd8,0x00000000d8380000)
  to   space 5120K, 0% used [0x00000000d8380000,0x00000000d8380000,0x00000000d8880000)
 ParOldGen       total 87552K, used 3637K [0x0000000081a00000, 0x0000000086f80000, 0x00000000d5e00000)
  object space 87552K, 4% used [0x0000000081a00000,0x0000000081d8d648,0x0000000086f80000)
 Metaspace       used 20829K, capacity 21120K, committed 21296K, reserved 1067008K
  class space    used 3054K, capacity 3152K, committed 3200K, reserved 1048576K
Event: 5.126 GC heap after
Heap after GC invocations=4 (full 0):
 PSYoungGen      total 38400K, used 5091K [0x00000000d5e00000, 0x00000000d8880000, 0x0000000100000000)
  eden space 33280K, 0% used [0x00000000d5e00000,0x00000000d5e00000,0x00000000d7e80000)
  from space 5120K, 99% used [0x00000000d8380000,0x00000000d8878ff8,0x00000000d8880000)
  to   space 5120K, 0% used [0x00000000d7e80000,0x00000000d7e80000,0x00000000d8380000)
 ParOldGen       total 87552K, used 6945K [0x0000000081a00000, 0x0000000086f80000, 0x00000000d5e00000)
  object space 87552K, 7% used [0x0000000081a00000,0x00000000820c8688,0x0000000086f80000)
 Metaspace       used 20829K, capacity 21120K, committed 21296K, reserved 1067008K
  class space    used 3054K, capacity 3152K, committed 3200K, reserved 1048576K
}
Event: 5.126 GC heap before
{Heap before GC invocations=5 (full 1):
 PSYoungGen      total 38400K, used 5091K [0x00000000d5e00000, 0x00000000d8880000, 0x0000000100000000)
  eden space 33280K, 0% used [0x00000000d5e00000,0x00000000d5e00000,0x00000000d7e80000)
  from space 5120K, 99% used [0x00000000d8380000,0x00000000d8878ff8,0x00000000d8880000)
  to   space 5120K, 0% used [0x00000000d7e80000,0x00000000d7e80000,0x00000000d8380000)
 ParOldGen       total 87552K, used 6945K [0x0000000081a00000, 0x0000000086f80000, 0x00000000d5e00000)
  object space 87552K, 7% used [0x0000000081a00000,0x00000000820c8688,0x0000000086f80000)
 Metaspace       used 20829K, capacity 21120K, committed 21296K, reserved 1067008K
  class space    used 3054K, capacity 3152K, committed 3200K, reserved 1048576K
Event: 5.165 GC heap after
Heap after GC invocations=5 (full 1):
 PSYoungGen      total 38400K, used 0K [0x00000000d5e00000, 0x00000000d8880000, 0x0000000100000000)
  eden space 33280K, 0% used [0x00000000d5e00000,0x00000000d5e00000,0x00000000d7e80000)
  from space 5120K, 0% used [0x00000000d8380000,0x00000000d8380000,0x00000000d8880000)
  to   space 5120K, 0% used [0x00000000d7e80000,0x00000000d7e80000,0x00000000d8380000)
 ParOldGen       total 65536K, used 9045K [0x0000000081a00000, 0x0000000085a00000, 0x00000000d5e00000)
  object space 65536K, 13% used [0x0000000081a00000,0x00000000822d5648,0x0000000085a00000)
 Metaspace       used 20829K, capacity 21120K, committed 21296K, reserved 1067008K
  class space    used 3054K, capacity 3152K, committed 3200K, reserved 1048576K
}
Event: 6.076 GC heap before
{Heap before GC invocations=6 (full 1):
 PSYoungGen      total 38400K, used 33280K [0x00000000d5e00000, 0x00000000d8880000, 0x0000000100000000)
  eden space 33280K, 100% used [0x00000000d5e00000,0x00000000d7e80000,0x00000000d7e80000)
  from space 5120K, 0% used [0x00000000d8380000,0x00000000d8380000,0x00000000d8880000)
  to   space 5120K, 0% used [0x00000000d7e80000,0x00000000d7e80000,0x00000000d8380000)
 ParOldGen       total 65536K, used 9045K [0x0000000081a00000, 0x0000000085a00000, 0x00000000d5e00000)
  object space 65536K, 13% used [0x0000000081a00000,0x00000000822d5648,0x0000000085a00000)
 Metaspace       used 27097K, capacity 27448K, committed 27776K, reserved 1073152K
  class space    used 4070K, capacity 4182K, committed 4224K, reserved 1048576K
Event: 6.082 GC heap after
Heap after GC invocations=6 (full 1):
 PSYoungGen      total 38400K, used 5106K [0x00000000d5e00000, 0x00000000da200000, 0x0000000100000000)
  eden space 33280K, 0% used [0x00000000d5e00000,0x00000000d5e00000,0x00000000d7e80000)
  from space 5120K, 99% used [0x00000000d7e80000,0x00000000d837ca00,0x00000000d8380000)
  to   space 10752K, 0% used [0x00000000d9780000,0x00000000d9780000,0x00000000da200000)
 ParOldGen       total 65536K, used 10154K [0x0000000081a00000, 0x0000000085a00000, 0x00000000d5e00000)
  object space 65536K, 15% used [0x0000000081a00000,0x00000000823eab30,0x0000000085a00000)
 Metaspace       used 27097K, capacity 27448K, committed 27776K, reserved 1073152K
  class space    used 4070K, capacity 4182K, committed 4224K, reserved 1048576K
}

